<?xml version="1.0" encoding="UTF-8"?>
<coverage generated="1646110942859" clover="3.2.0">
  <project timestamp="1646110942859" name="All files">
    <metrics statements="27" coveredstatements="27" conditionals="0" coveredconditionals="0" methods="11" coveredmethods="11" elements="38" coveredelements="38" complexity="0" loc="27" ncloc="27" packages="1" files="4" classes="4"/>
    <file name="Employee.js" path="C:\Users\acamp\UCF-Bootcamp\OOP-Team-Profile-Generator--Acampbell\lib\Employee.js">
      <metrics statements="9" coveredstatements="9" conditionals="0" coveredconditionals="0" methods="5" coveredmethods="5"/>
      <line num="5" count="4" type="stmt"/>
      <line num="6" count="4" type="stmt"/>
      <line num="7" count="4" type="stmt"/>
      <line num="8" count="4" type="stmt"/>
      <line num="11" count="1" type="stmt"/>
      <line num="16" count="1" type="stmt"/>
      <line num="21" count="1" type="stmt"/>
      <line num="26" count="1" type="stmt"/>
      <line num="33" count="4" type="stmt"/>
    </file>
    <file name="Engineer.js" path="C:\Users\acamp\UCF-Bootcamp\OOP-Team-Profile-Generator--Acampbell\lib\Engineer.js">
      <metrics statements="6" coveredstatements="6" conditionals="0" coveredconditionals="0" methods="2" coveredmethods="2"/>
      <line num="1" count="1" type="stmt"/>
      <line num="5" count="1" type="stmt"/>
      <line num="7" count="1" type="stmt"/>
      <line num="8" count="1" type="stmt"/>
      <line num="11" count="1" type="stmt"/>
      <line num="18" count="1" type="stmt"/>
    </file>
    <file name="Intern.js" path="C:\Users\acamp\UCF-Bootcamp\OOP-Team-Profile-Generator--Acampbell\lib\Intern.js">
      <metrics statements="6" coveredstatements="6" conditionals="0" coveredconditionals="0" methods="2" coveredmethods="2"/>
      <line num="1" count="1" type="stmt"/>
      <line num="5" count="1" type="stmt"/>
      <line num="7" count="1" type="stmt"/>
      <line num="8" count="1" type="stmt"/>
      <line num="11" count="1" type="stmt"/>
      <line num="16" count="1" type="stmt"/>
    </file>
    <file name="Manager.js" path="C:\Users\acamp\UCF-Bootcamp\OOP-Team-Profile-Generator--Acampbell\lib\Manager.js">
      <metrics statements="6" coveredstatements="6" conditionals="0" coveredconditionals="0" methods="2" coveredmethods="2"/>
      <line num="1" count="1" type="stmt"/>
      <line num="5" count="1" type="stmt"/>
      <line num="7" count="1" type="stmt"/>
      <line num="8" count="1" type="stmt"/>
      <line num="11" count="1" type="stmt"/>
      <line num="15" count="1" type="stmt"/>
    </file>
  </project>
</coverage>
